2017-12-19 22:43:59,237 [Worker-0] INFO  c.g.t.t.d.PublishedGradleVersions - Gradle version information cache is not available. Remote download required.
2017-12-30 18:02:40,393 [Worker-3] INFO  c.g.t.t.d.PublishedGradleVersions - Gradle version information cache is out-of-date. Trying to update.
2017-12-30 18:12:33,241 [Worker-15] INFO  o.e.m.c.i.l.LifecycleMappingFactory - Using org.eclipse.m2e.jdt.JarLifecycleMapping lifecycle mapping for MavenProject: org.cap.ikea:maven-first-project:0.0.1-SNAPSHOT @ C:\Users\rapan11\learning\maven-first-project\pom.xml.
2017-12-30 18:12:34,124 [Worker-15] INFO  o.e.m.j.i.AbstractJavaProjectConfigurator - Adding source folder /maven-first-project/src/main/java
2017-12-30 18:12:34,126 [Worker-15] INFO  o.e.m.j.i.AbstractJavaProjectConfigurator - Adding resource folder /maven-first-project/src/main/resources
2017-12-30 18:12:34,128 [Worker-15] INFO  o.e.m.j.i.AbstractJavaProjectConfigurator - Adding source folder /maven-first-project/src/test/java
2017-12-30 18:12:34,128 [Worker-15] INFO  o.e.m.j.i.AbstractJavaProjectConfigurator - Adding resource folder /maven-first-project/src/test/resources
2017-12-30 18:12:35,521 [Worker-11] WARN  o.e.m.c.i.embedder.EclipseLogger - Using platform encoding (Cp1252 actually) to copy filtered resources, i.e. build is platform dependent!
2017-12-30 18:12:35,527 [Worker-11] INFO  o.e.m.c.i.embedder.EclipseLogger - Copying 0 resource
2017-12-30 18:12:35,529 [Worker-11] WARN  o.e.m.c.i.embedder.EclipseLogger - Using platform encoding (Cp1252 actually) to copy filtered resources, i.e. build is platform dependent!
2017-12-30 18:12:35,530 [Worker-11] INFO  o.e.m.c.i.embedder.EclipseLogger - Copying 0 resource
2017-12-30 18:17:20,809 [Worker-22] INFO  o.e.m.c.i.l.LifecycleMappingFactory - Using org.eclipse.m2e.jdt.JarLifecycleMapping lifecycle mapping for MavenProject: org.cap.ikea:maven-first-project:0.0.1-SNAPSHOT @ C:\Users\rapan11\learning\maven-first-project\pom.xml.
2017-12-30 18:17:21,314 [Worker-22] INFO  o.e.m.c.i.e.AbstractTransferListenerAdapter - Downloading https://repo.maven.apache.org/maven2/org/springframework/spring-core/5.0.2.RELEASE/spring-core-5.0.2.RELEASE.pom
2017-12-30 18:17:21,620 [Worker-22] INFO  o.e.m.c.i.e.AbstractTransferListenerAdapter - Downloaded https://repo.maven.apache.org/maven2/org/springframework/spring-core/5.0.2.RELEASE/spring-core-5.0.2.RELEASE.pom
2017-12-30 18:17:21,652 [Worker-22] INFO  o.e.m.c.i.e.AbstractTransferListenerAdapter - Downloading https://repo.maven.apache.org/maven2/io/projectreactor/reactor-bom/Bismuth-SR4/reactor-bom-Bismuth-SR4.pom
2017-12-30 18:17:21,682 [Worker-22] INFO  o.e.m.c.i.e.AbstractTransferListenerAdapter - Downloaded https://repo.maven.apache.org/maven2/io/projectreactor/reactor-bom/Bismuth-SR4/reactor-bom-Bismuth-SR4.pom
2017-12-30 18:17:21,732 [Worker-22] INFO  o.e.m.c.i.e.AbstractTransferListenerAdapter - Downloading https://repo.maven.apache.org/maven2/io/netty/netty-bom/4.1.17.Final/netty-bom-4.1.17.Final.pom
2017-12-30 18:17:21,830 [Worker-22] INFO  o.e.m.c.i.e.AbstractTransferListenerAdapter - Downloaded https://repo.maven.apache.org/maven2/io/netty/netty-bom/4.1.17.Final/netty-bom-4.1.17.Final.pom
2017-12-30 18:17:21,894 [Worker-22] INFO  o.e.m.c.i.e.AbstractTransferListenerAdapter - Downloading https://repo.maven.apache.org/maven2/org/springframework/spring-jcl/5.0.2.RELEASE/spring-jcl-5.0.2.RELEASE.pom
2017-12-30 18:17:21,963 [Worker-22] INFO  o.e.m.c.i.e.AbstractTransferListenerAdapter - Downloaded https://repo.maven.apache.org/maven2/org/springframework/spring-jcl/5.0.2.RELEASE/spring-jcl-5.0.2.RELEASE.pom
2017-12-30 18:17:21,994 [Worker-22] INFO  o.e.m.c.i.e.AbstractTransferListenerAdapter - Downloading https://repo.maven.apache.org/maven2/org/springframework/spring-core/5.0.2.RELEASE/spring-core-5.0.2.RELEASE.jar
2017-12-30 18:17:22,635 [Worker-22] INFO  o.e.m.c.i.e.AbstractTransferListenerAdapter - Downloaded https://repo.maven.apache.org/maven2/org/springframework/spring-core/5.0.2.RELEASE/spring-core-5.0.2.RELEASE.jar
2017-12-30 18:17:22,695 [Worker-22] INFO  o.e.m.c.i.e.AbstractTransferListenerAdapter - Downloading https://repo.maven.apache.org/maven2/org/springframework/spring-jcl/5.0.2.RELEASE/spring-jcl-5.0.2.RELEASE.jar
2017-12-30 18:17:22,901 [Worker-22] INFO  o.e.m.c.i.e.AbstractTransferListenerAdapter - Downloaded https://repo.maven.apache.org/maven2/org/springframework/spring-jcl/5.0.2.RELEASE/spring-jcl-5.0.2.RELEASE.jar
2017-12-30 18:17:23,171 [Worker-22] WARN  o.e.m.c.i.embedder.EclipseLogger - Using platform encoding (Cp1252 actually) to copy filtered resources, i.e. build is platform dependent!
2017-12-30 18:17:23,174 [Worker-22] INFO  o.e.m.c.i.embedder.EclipseLogger - Copying 0 resource
2017-12-30 18:17:23,177 [Worker-22] WARN  o.e.m.c.i.embedder.EclipseLogger - Using platform encoding (Cp1252 actually) to copy filtered resources, i.e. build is platform dependent!
2017-12-30 18:17:23,178 [Worker-22] INFO  o.e.m.c.i.embedder.EclipseLogger - Copying 0 resource
2017-12-30 18:17:24,478 [Worker-23] WARN  o.e.m.c.i.embedder.EclipseLogger - Using platform encoding (Cp1252 actually) to copy filtered resources, i.e. build is platform dependent!
2017-12-30 18:17:24,489 [Worker-23] INFO  o.e.m.c.i.embedder.EclipseLogger - Copying 0 resource
2017-12-30 18:17:24,491 [Worker-23] WARN  o.e.m.c.i.embedder.EclipseLogger - Using platform encoding (Cp1252 actually) to copy filtered resources, i.e. build is platform dependent!
2017-12-30 18:17:24,492 [Worker-23] INFO  o.e.m.c.i.embedder.EclipseLogger - Copying 0 resource
2017-12-30 18:19:08,425 [Worker-22] WARN  o.e.m.c.i.embedder.EclipseLogger - Using platform encoding (Cp1252 actually) to copy filtered resources, i.e. build is platform dependent!
2017-12-30 18:19:08,428 [Worker-22] INFO  o.e.m.c.i.embedder.EclipseLogger - Copying 1 resource
2017-12-30 18:19:08,438 [Worker-22] WARN  o.e.m.c.i.embedder.EclipseLogger - Using platform encoding (Cp1252 actually) to copy filtered resources, i.e. build is platform dependent!
2017-12-30 18:19:08,440 [Worker-22] INFO  o.e.m.c.i.embedder.EclipseLogger - Copying 0 resource
2017-12-30 18:22:39,742 [Worker-25] WARN  o.e.m.c.i.embedder.EclipseLogger - Using platform encoding (Cp1252 actually) to copy filtered resources, i.e. build is platform dependent!
2017-12-30 18:22:39,744 [Worker-25] INFO  o.e.m.c.i.embedder.EclipseLogger - Copying 1 resource
2017-12-30 18:22:39,746 [Worker-25] WARN  o.e.m.c.i.embedder.EclipseLogger - Using platform encoding (Cp1252 actually) to copy filtered resources, i.e. build is platform dependent!
2017-12-30 18:22:39,747 [Worker-25] INFO  o.e.m.c.i.embedder.EclipseLogger - Copying 0 resource
2017-12-30 18:22:40,807 [Worker-25] WARN  o.e.m.c.i.embedder.EclipseLogger - Using platform encoding (Cp1252 actually) to copy filtered resources, i.e. build is platform dependent!
2017-12-30 18:22:40,808 [Worker-25] INFO  o.e.m.c.i.embedder.EclipseLogger - Copying 0 resource
2017-12-30 18:22:40,809 [Worker-25] WARN  o.e.m.c.i.embedder.EclipseLogger - Using platform encoding (Cp1252 actually) to copy filtered resources, i.e. build is platform dependent!
2017-12-30 18:22:40,810 [Worker-25] INFO  o.e.m.c.i.embedder.EclipseLogger - Copying 0 resource
2017-12-30 18:23:22,468 [Worker-28] WARN  o.e.m.c.i.embedder.EclipseLogger - Using platform encoding (Cp1252 actually) to copy filtered resources, i.e. build is platform dependent!
2017-12-30 18:23:22,472 [Worker-28] INFO  o.e.m.c.i.embedder.EclipseLogger - Copying 1 resource
2017-12-30 18:23:22,476 [Worker-28] WARN  o.e.m.c.i.embedder.EclipseLogger - Using platform encoding (Cp1252 actually) to copy filtered resources, i.e. build is platform dependent!
2017-12-30 18:23:22,479 [Worker-28] INFO  o.e.m.c.i.embedder.EclipseLogger - Copying 0 resource
2017-12-30 18:23:31,156 [Worker-26] WARN  o.e.m.c.i.embedder.EclipseLogger - Using platform encoding (Cp1252 actually) to copy filtered resources, i.e. build is platform dependent!
2017-12-30 18:23:31,162 [Worker-26] INFO  o.e.m.c.i.embedder.EclipseLogger - Copying 1 resource
2017-12-30 18:23:31,164 [Worker-26] WARN  o.e.m.c.i.embedder.EclipseLogger - Using platform encoding (Cp1252 actually) to copy filtered resources, i.e. build is platform dependent!
2017-12-30 18:23:31,165 [Worker-26] INFO  o.e.m.c.i.embedder.EclipseLogger - Copying 0 resource
2017-12-30 18:24:23,425 [Worker-25] WARN  o.e.m.c.i.embedder.EclipseLogger - Using platform encoding (Cp1252 actually) to copy filtered resources, i.e. build is platform dependent!
2017-12-30 18:24:23,428 [Worker-25] INFO  o.e.m.c.i.embedder.EclipseLogger - Copying 1 resource
2017-12-30 18:24:23,435 [Worker-25] WARN  o.e.m.c.i.embedder.EclipseLogger - Using platform encoding (Cp1252 actually) to copy filtered resources, i.e. build is platform dependent!
2017-12-30 18:24:23,437 [Worker-25] INFO  o.e.m.c.i.embedder.EclipseLogger - Copying 0 resource
2017-12-30 18:24:35,563 [Worker-25] WARN  o.e.m.c.i.embedder.EclipseLogger - Using platform encoding (Cp1252 actually) to copy filtered resources, i.e. build is platform dependent!
2017-12-30 18:24:35,566 [Worker-25] INFO  o.e.m.c.i.embedder.EclipseLogger - Copying 1 resource
2017-12-30 18:24:35,570 [Worker-25] WARN  o.e.m.c.i.embedder.EclipseLogger - Using platform encoding (Cp1252 actually) to copy filtered resources, i.e. build is platform dependent!
2017-12-30 18:24:35,572 [Worker-25] INFO  o.e.m.c.i.embedder.EclipseLogger - Copying 0 resource
2017-12-30 18:24:41,621 [Worker-21] WARN  o.e.m.c.i.embedder.EclipseLogger - Using platform encoding (Cp1252 actually) to copy filtered resources, i.e. build is platform dependent!
2017-12-30 18:24:41,625 [Worker-21] INFO  o.e.m.c.i.embedder.EclipseLogger - Copying 1 resource
2017-12-30 18:24:41,630 [Worker-21] WARN  o.e.m.c.i.embedder.EclipseLogger - Using platform encoding (Cp1252 actually) to copy filtered resources, i.e. build is platform dependent!
2017-12-30 18:24:41,633 [Worker-21] INFO  o.e.m.c.i.embedder.EclipseLogger - Copying 0 resource
2017-12-30 18:25:07,515 [Worker-29] WARN  o.e.m.c.i.embedder.EclipseLogger - Using platform encoding (Cp1252 actually) to copy filtered resources, i.e. build is platform dependent!
2017-12-30 18:25:07,518 [Worker-29] INFO  o.e.m.c.i.embedder.EclipseLogger - Copying 1 resource
2017-12-30 18:25:07,525 [Worker-29] WARN  o.e.m.c.i.embedder.EclipseLogger - Using platform encoding (Cp1252 actually) to copy filtered resources, i.e. build is platform dependent!
2017-12-30 18:25:07,526 [Worker-29] INFO  o.e.m.c.i.embedder.EclipseLogger - Copying 0 resource
2017-12-30 18:36:32,767 [Worker-28] WARN  o.e.m.c.i.embedder.EclipseLogger - Using platform encoding (Cp1252 actually) to copy filtered resources, i.e. build is platform dependent!
2017-12-30 18:36:32,768 [Worker-28] INFO  o.e.m.c.i.embedder.EclipseLogger - Copying 1 resource
2017-12-30 18:36:32,769 [Worker-28] WARN  o.e.m.c.i.embedder.EclipseLogger - Using platform encoding (Cp1252 actually) to copy filtered resources, i.e. build is platform dependent!
2017-12-30 18:36:32,770 [Worker-28] INFO  o.e.m.c.i.embedder.EclipseLogger - Copying 0 resource
2017-12-30 18:37:17,534 [Worker-28] INFO  o.e.m.c.i.l.LifecycleMappingFactory - Using org.eclipse.m2e.jdt.JarLifecycleMapping lifecycle mapping for MavenProject: org.cap.ikea:maven-first-project:0.0.1-SNAPSHOT @ C:\Users\rapan11\learning\maven-first-project\pom.xml.
2017-12-30 18:37:17,863 [Worker-28] INFO  o.e.m.c.i.e.AbstractTransferListenerAdapter - Downloading https://repo.maven.apache.org/maven2/org/springframework/spring-context/5.0.2.RELEASE/spring-context-5.0.2.RELEASE.pom
2017-12-30 18:37:17,909 [Worker-28] INFO  o.e.m.c.i.e.AbstractTransferListenerAdapter - Downloaded https://repo.maven.apache.org/maven2/org/springframework/spring-context/5.0.2.RELEASE/spring-context-5.0.2.RELEASE.pom
2017-12-30 18:37:17,949 [Worker-28] INFO  o.e.m.c.i.e.AbstractTransferListenerAdapter - Downloading https://repo.maven.apache.org/maven2/org/springframework/spring-aop/5.0.2.RELEASE/spring-aop-5.0.2.RELEASE.pom
2017-12-30 18:37:18,042 [Worker-28] INFO  o.e.m.c.i.e.AbstractTransferListenerAdapter - Downloaded https://repo.maven.apache.org/maven2/org/springframework/spring-aop/5.0.2.RELEASE/spring-aop-5.0.2.RELEASE.pom
2017-12-30 18:37:18,187 [Worker-28] INFO  o.e.m.c.i.e.AbstractTransferListenerAdapter - Downloading https://repo.maven.apache.org/maven2/org/springframework/spring-beans/5.0.2.RELEASE/spring-beans-5.0.2.RELEASE.pom
2017-12-30 18:37:18,268 [Worker-28] INFO  o.e.m.c.i.e.AbstractTransferListenerAdapter - Downloaded https://repo.maven.apache.org/maven2/org/springframework/spring-beans/5.0.2.RELEASE/spring-beans-5.0.2.RELEASE.pom
2017-12-30 18:37:18,298 [Worker-28] INFO  o.e.m.c.i.e.AbstractTransferListenerAdapter - Downloading https://repo.maven.apache.org/maven2/org/springframework/spring-expression/5.0.2.RELEASE/spring-expression-5.0.2.RELEASE.pom
2017-12-30 18:37:18,432 [Worker-28] INFO  o.e.m.c.i.e.AbstractTransferListenerAdapter - Downloaded https://repo.maven.apache.org/maven2/org/springframework/spring-expression/5.0.2.RELEASE/spring-expression-5.0.2.RELEASE.pom
2017-12-30 18:37:18,547 [Worker-28] INFO  o.e.m.c.i.e.AbstractTransferListenerAdapter - Downloading https://repo.maven.apache.org/maven2/org/springframework/spring-context/5.0.2.RELEASE/spring-context-5.0.2.RELEASE.jar
2017-12-30 18:37:20,004 [Worker-28] INFO  o.e.m.c.i.e.AbstractTransferListenerAdapter - Downloaded https://repo.maven.apache.org/maven2/org/springframework/spring-context/5.0.2.RELEASE/spring-context-5.0.2.RELEASE.jar
2017-12-30 18:37:20,037 [Worker-28] INFO  o.e.m.c.i.e.AbstractTransferListenerAdapter - Downloading https://repo.maven.apache.org/maven2/org/springframework/spring-aop/5.0.2.RELEASE/spring-aop-5.0.2.RELEASE.jar
2017-12-30 18:37:20,255 [Worker-28] INFO  o.e.m.c.i.e.AbstractTransferListenerAdapter - Downloaded https://repo.maven.apache.org/maven2/org/springframework/spring-aop/5.0.2.RELEASE/spring-aop-5.0.2.RELEASE.jar
2017-12-30 18:37:20,289 [Worker-28] INFO  o.e.m.c.i.e.AbstractTransferListenerAdapter - Downloading https://repo.maven.apache.org/maven2/org/springframework/spring-beans/5.0.2.RELEASE/spring-beans-5.0.2.RELEASE.jar
2017-12-30 18:37:20,625 [Worker-28] INFO  o.e.m.c.i.e.AbstractTransferListenerAdapter - Downloaded https://repo.maven.apache.org/maven2/org/springframework/spring-beans/5.0.2.RELEASE/spring-beans-5.0.2.RELEASE.jar
2017-12-30 18:37:20,674 [Worker-28] INFO  o.e.m.c.i.e.AbstractTransferListenerAdapter - Downloading https://repo.maven.apache.org/maven2/org/springframework/spring-expression/5.0.2.RELEASE/spring-expression-5.0.2.RELEASE.jar
2017-12-30 18:37:20,797 [Worker-28] INFO  o.e.m.c.i.e.AbstractTransferListenerAdapter - Downloaded https://repo.maven.apache.org/maven2/org/springframework/spring-expression/5.0.2.RELEASE/spring-expression-5.0.2.RELEASE.jar
2017-12-30 18:37:21,065 [Worker-28] WARN  o.e.m.c.i.embedder.EclipseLogger - Using platform encoding (Cp1252 actually) to copy filtered resources, i.e. build is platform dependent!
2017-12-30 18:37:21,068 [Worker-28] INFO  o.e.m.c.i.embedder.EclipseLogger - Copying 0 resource
2017-12-30 18:37:21,070 [Worker-28] WARN  o.e.m.c.i.embedder.EclipseLogger - Using platform encoding (Cp1252 actually) to copy filtered resources, i.e. build is platform dependent!
2017-12-30 18:37:21,071 [Worker-28] INFO  o.e.m.c.i.embedder.EclipseLogger - Copying 0 resource
2017-12-30 18:37:22,807 [Worker-31] INFO  o.e.m.c.i.l.LifecycleMappingFactory - Using org.eclipse.m2e.jdt.JarLifecycleMapping lifecycle mapping for MavenProject: org.cap.ikea:maven-first-project:0.0.1-SNAPSHOT @ C:\Users\rapan11\learning\maven-first-project\pom.xml.
2017-12-30 18:37:23,189 [Worker-31] WARN  o.e.m.c.i.embedder.EclipseLogger - Using platform encoding (Cp1252 actually) to copy filtered resources, i.e. build is platform dependent!
2017-12-30 18:37:23,192 [Worker-31] INFO  o.e.m.c.i.embedder.EclipseLogger - Copying 1 resource
2017-12-30 18:37:23,203 [Worker-31] WARN  o.e.m.c.i.embedder.EclipseLogger - Using platform encoding (Cp1252 actually) to copy filtered resources, i.e. build is platform dependent!
2017-12-30 18:37:23,204 [Worker-31] INFO  o.e.m.c.i.embedder.EclipseLogger - Copying 0 resource
2017-12-30 18:39:10,850 [Worker-36] WARN  o.e.m.c.i.embedder.EclipseLogger - Using platform encoding (Cp1252 actually) to copy filtered resources, i.e. build is platform dependent!
2017-12-30 18:39:10,853 [Worker-36] INFO  o.e.m.c.i.embedder.EclipseLogger - Copying 1 resource
2017-12-30 18:39:10,856 [Worker-36] WARN  o.e.m.c.i.embedder.EclipseLogger - Using platform encoding (Cp1252 actually) to copy filtered resources, i.e. build is platform dependent!
2017-12-30 18:39:10,858 [Worker-36] INFO  o.e.m.c.i.embedder.EclipseLogger - Copying 0 resource
2017-12-30 18:39:53,661 [Worker-34] WARN  o.e.m.c.i.embedder.EclipseLogger - Using platform encoding (Cp1252 actually) to copy filtered resources, i.e. build is platform dependent!
2017-12-30 18:39:53,663 [Worker-34] INFO  o.e.m.c.i.embedder.EclipseLogger - Copying 1 resource
2017-12-30 18:39:53,668 [Worker-34] WARN  o.e.m.c.i.embedder.EclipseLogger - Using platform encoding (Cp1252 actually) to copy filtered resources, i.e. build is platform dependent!
2017-12-30 18:39:53,670 [Worker-34] INFO  o.e.m.c.i.embedder.EclipseLogger - Copying 0 resource
2017-12-30 18:43:44,265 [Worker-28] WARN  o.e.m.c.i.embedder.EclipseLogger - Using platform encoding (Cp1252 actually) to copy filtered resources, i.e. build is platform dependent!
2017-12-30 18:43:44,266 [Worker-28] INFO  o.e.m.c.i.embedder.EclipseLogger - Copying 1 resource
2017-12-30 18:43:44,269 [Worker-28] WARN  o.e.m.c.i.embedder.EclipseLogger - Using platform encoding (Cp1252 actually) to copy filtered resources, i.e. build is platform dependent!
2017-12-30 18:43:44,270 [Worker-28] INFO  o.e.m.c.i.embedder.EclipseLogger - Copying 0 resource
2017-12-30 18:44:13,981 [Worker-35] WARN  o.e.m.c.i.embedder.EclipseLogger - Using platform encoding (Cp1252 actually) to copy filtered resources, i.e. build is platform dependent!
2017-12-30 18:44:13,983 [Worker-35] INFO  o.e.m.c.i.embedder.EclipseLogger - Copying 1 resource
2017-12-30 18:44:13,989 [Worker-35] WARN  o.e.m.c.i.embedder.EclipseLogger - Using platform encoding (Cp1252 actually) to copy filtered resources, i.e. build is platform dependent!
2017-12-30 18:44:13,991 [Worker-35] INFO  o.e.m.c.i.embedder.EclipseLogger - Copying 0 resource
2017-12-30 18:44:32,281 [Worker-33] WARN  o.e.m.c.i.embedder.EclipseLogger - Using platform encoding (Cp1252 actually) to copy filtered resources, i.e. build is platform dependent!
2017-12-30 18:44:32,283 [Worker-33] INFO  o.e.m.c.i.embedder.EclipseLogger - Copying 1 resource
2017-12-30 18:44:32,289 [Worker-33] WARN  o.e.m.c.i.embedder.EclipseLogger - Using platform encoding (Cp1252 actually) to copy filtered resources, i.e. build is platform dependent!
2017-12-30 18:44:32,292 [Worker-33] INFO  o.e.m.c.i.embedder.EclipseLogger - Copying 0 resource
2017-12-30 18:44:45,989 [Worker-35] WARN  o.e.m.c.i.embedder.EclipseLogger - Using platform encoding (Cp1252 actually) to copy filtered resources, i.e. build is platform dependent!
2017-12-30 18:44:45,992 [Worker-35] INFO  o.e.m.c.i.embedder.EclipseLogger - Copying 1 resource
2017-12-30 18:44:45,997 [Worker-35] WARN  o.e.m.c.i.embedder.EclipseLogger - Using platform encoding (Cp1252 actually) to copy filtered resources, i.e. build is platform dependent!
2017-12-30 18:44:45,999 [Worker-35] INFO  o.e.m.c.i.embedder.EclipseLogger - Copying 0 resource
2017-12-30 18:46:20,701 [Worker-32] INFO  o.e.m.i.launch.MavenLaunchDelegate - C:\Users\rapan11\learning\maven-first-project
2017-12-30 18:46:20,703 [Worker-32] INFO  o.e.m.i.launch.MavenLaunchDelegate -  mvn -B clean
2017-12-30 18:46:25,021 [Worker-38] WARN  o.e.m.c.i.embedder.EclipseLogger - Using platform encoding (Cp1252 actually) to copy filtered resources, i.e. build is platform dependent!
2017-12-30 18:46:25,024 [Worker-38] INFO  o.e.m.c.i.embedder.EclipseLogger - Copying 1 resource
2017-12-30 18:46:25,035 [Worker-38] WARN  o.e.m.c.i.embedder.EclipseLogger - Using platform encoding (Cp1252 actually) to copy filtered resources, i.e. build is platform dependent!
2017-12-30 18:46:25,038 [Worker-38] INFO  o.e.m.c.i.embedder.EclipseLogger - Copying 0 resource
2017-12-30 18:46:33,792 [Worker-39] INFO  o.e.m.i.launch.MavenLaunchDelegate - C:\Users\rapan11\learning\maven-first-project
2017-12-30 18:46:33,793 [Worker-39] INFO  o.e.m.i.launch.MavenLaunchDelegate -  mvn -B install
2017-12-30 18:46:37,898 [Worker-32] WARN  o.e.m.c.i.embedder.EclipseLogger - Using platform encoding (Cp1252 actually) to copy filtered resources, i.e. build is platform dependent!
2017-12-30 18:46:37,900 [Worker-32] INFO  o.e.m.c.i.embedder.EclipseLogger - Copying 0 resource
2017-12-30 18:46:37,904 [Worker-32] WARN  o.e.m.c.i.embedder.EclipseLogger - Using platform encoding (Cp1252 actually) to copy filtered resources, i.e. build is platform dependent!
2017-12-30 18:46:37,906 [Worker-32] INFO  o.e.m.c.i.embedder.EclipseLogger - Copying 0 resource
2017-12-30 18:47:49,968 [Worker-32] WARN  o.e.m.c.i.embedder.EclipseLogger - Using platform encoding (Cp1252 actually) to copy filtered resources, i.e. build is platform dependent!
2017-12-30 18:47:49,969 [Worker-32] INFO  o.e.m.c.i.embedder.EclipseLogger - Copying 1 resource
2017-12-30 18:47:49,972 [Worker-32] WARN  o.e.m.c.i.embedder.EclipseLogger - Using platform encoding (Cp1252 actually) to copy filtered resources, i.e. build is platform dependent!
2017-12-30 18:47:49,973 [Worker-32] INFO  o.e.m.c.i.embedder.EclipseLogger - Copying 0 resource
2017-12-30 18:48:11,754 [main] INFO  o.e.m.c.i.l.LifecycleMappingFactory - Using org.eclipse.m2e.jdt.JarLifecycleMapping lifecycle mapping for MavenProject: org.cap.ikea:maven-first-project:0.0.1-SNAPSHOT @ C:\Users\rapan11\learning\maven-first-project\pom.xml.
2017-12-30 18:49:19,296 [Worker-37] INFO  o.e.m.i.launch.MavenLaunchDelegate - C:\Users\rapan11\learning\maven-first-project
2017-12-30 18:49:19,296 [Worker-37] INFO  o.e.m.i.launch.MavenLaunchDelegate -  mvn -B install
2017-12-30 18:49:27,074 [Worker-32] WARN  o.e.m.c.i.embedder.EclipseLogger - Using platform encoding (Cp1252 actually) to copy filtered resources, i.e. build is platform dependent!
2017-12-30 18:49:27,075 [Worker-32] INFO  o.e.m.c.i.embedder.EclipseLogger - Copying 0 resource
2017-12-30 18:49:27,076 [Worker-32] WARN  o.e.m.c.i.embedder.EclipseLogger - Using platform encoding (Cp1252 actually) to copy filtered resources, i.e. build is platform dependent!
2017-12-30 18:49:27,078 [Worker-32] INFO  o.e.m.c.i.embedder.EclipseLogger - Copying 0 resource
2017-12-30 18:49:48,078 [main] INFO  o.e.m2e.actions.ExecutePomAction - Creating new launch configuration
2017-12-30 18:49:58,651 [Worker-33] INFO  o.e.m.i.launch.MavenLaunchDelegate - C:\Users\rapan11\learning\maven-first-project
2017-12-30 18:49:58,651 [Worker-33] INFO  o.e.m.i.launch.MavenLaunchDelegate -  mvn -B ecclipse:
2017-12-30 18:50:13,383 [main] INFO  o.e.m2e.actions.ExecutePomAction - Using existing launch configuration
2017-12-30 18:50:13,434 [Worker-33] INFO  o.e.m.i.launch.MavenLaunchDelegate - C:\Users\rapan11\learning\maven-first-project
2017-12-30 18:50:13,434 [Worker-33] INFO  o.e.m.i.launch.MavenLaunchDelegate -  mvn -B ecclipse:
2017-12-30 18:50:32,795 [main] INFO  o.e.m2e.actions.ExecutePomAction - Creating new launch configuration
2017-12-30 18:50:45,402 [Worker-41] INFO  o.e.m.i.launch.MavenLaunchDelegate - C:\Users\rapan11\learning\maven-first-project
2017-12-30 18:50:45,402 [Worker-41] INFO  o.e.m.i.launch.MavenLaunchDelegate -  mvn -B eclipse:eclipse
2017-12-30 18:54:26,650 [Worker-39] WARN  o.e.m.c.i.embedder.EclipseLogger - Using platform encoding (Cp1252 actually) to copy filtered resources, i.e. build is platform dependent!
2017-12-30 18:54:26,652 [Worker-39] INFO  o.e.m.c.i.embedder.EclipseLogger - Copying 1 resource
2017-12-30 18:54:26,657 [Worker-39] WARN  o.e.m.c.i.embedder.EclipseLogger - Using platform encoding (Cp1252 actually) to copy filtered resources, i.e. build is platform dependent!
2017-12-30 18:54:26,658 [Worker-39] INFO  o.e.m.c.i.embedder.EclipseLogger - Copying 0 resource
2017-12-30 19:23:42,487 [Worker-45] WARN  o.e.m.c.i.embedder.EclipseLogger - Using platform encoding (Cp1252 actually) to copy filtered resources, i.e. build is platform dependent!
2017-12-30 19:23:42,490 [Worker-45] INFO  o.e.m.c.i.embedder.EclipseLogger - Copying 1 resource
2017-12-30 19:23:42,498 [Worker-45] WARN  o.e.m.c.i.embedder.EclipseLogger - Using platform encoding (Cp1252 actually) to copy filtered resources, i.e. build is platform dependent!
2017-12-30 19:23:42,501 [Worker-45] INFO  o.e.m.c.i.embedder.EclipseLogger - Copying 0 resource
2017-12-30 23:25:49,280 [Worker-90] INFO  o.e.m.c.i.l.LifecycleMappingFactory - Using org.eclipse.m2e.jdt.JarLifecycleMapping lifecycle mapping for MavenProject: org.ikea.test1:maven-1:0.0.1-SNAPSHOT @ C:\Users\rapan11\learning\maven-1\pom.xml.
2017-12-30 23:25:49,327 [Worker-90] INFO  o.e.m.j.i.AbstractJavaProjectConfigurator - Adding source folder /maven-1/src/main/java
2017-12-30 23:25:49,327 [Worker-90] INFO  o.e.m.j.i.AbstractJavaProjectConfigurator - Adding resource folder /maven-1/src/main/resources
2017-12-30 23:25:49,328 [Worker-90] INFO  o.e.m.j.i.AbstractJavaProjectConfigurator - Adding source folder /maven-1/src/test/java
2017-12-30 23:25:49,328 [Worker-90] INFO  o.e.m.j.i.AbstractJavaProjectConfigurator - Adding resource folder /maven-1/src/test/resources
2017-12-30 23:25:49,584 [Worker-93] WARN  o.e.m.c.i.embedder.EclipseLogger - Using platform encoding (Cp1252 actually) to copy filtered resources, i.e. build is platform dependent!
2017-12-30 23:25:49,585 [Worker-93] INFO  o.e.m.c.i.embedder.EclipseLogger - Copying 0 resource
2017-12-30 23:25:49,585 [Worker-93] WARN  o.e.m.c.i.embedder.EclipseLogger - Using platform encoding (Cp1252 actually) to copy filtered resources, i.e. build is platform dependent!
2017-12-30 23:25:49,586 [Worker-93] INFO  o.e.m.c.i.embedder.EclipseLogger - Copying 0 resource
2017-12-30 23:26:22,110 [Worker-94] INFO  o.e.m.c.i.l.LifecycleMappingFactory - Using org.eclipse.m2e.jdt.JarLifecycleMapping lifecycle mapping for MavenProject: org.cap.ikea:maven-first-project:0.0.1-SNAPSHOT @ C:\Users\rapan11\learning\maven-1\pom.xml.
2017-12-30 23:26:22,185 [Worker-94] WARN  o.e.m.c.i.embedder.EclipseLogger - Using platform encoding (Cp1252 actually) to copy filtered resources, i.e. build is platform dependent!
2017-12-30 23:26:22,186 [Worker-94] INFO  o.e.m.c.i.embedder.EclipseLogger - Copying 0 resource
2017-12-30 23:26:22,187 [Worker-94] WARN  o.e.m.c.i.embedder.EclipseLogger - Using platform encoding (Cp1252 actually) to copy filtered resources, i.e. build is platform dependent!
2017-12-30 23:26:22,188 [Worker-94] INFO  o.e.m.c.i.embedder.EclipseLogger - Copying 0 resource
2017-12-30 23:26:23,371 [Worker-93] WARN  o.e.m.c.i.embedder.EclipseLogger - Using platform encoding (Cp1252 actually) to copy filtered resources, i.e. build is platform dependent!
2017-12-30 23:26:23,373 [Worker-93] INFO  o.e.m.c.i.embedder.EclipseLogger - Copying 0 resource
2017-12-30 23:26:23,377 [Worker-93] WARN  o.e.m.c.i.embedder.EclipseLogger - Using platform encoding (Cp1252 actually) to copy filtered resources, i.e. build is platform dependent!
2017-12-30 23:26:23,378 [Worker-93] INFO  o.e.m.c.i.embedder.EclipseLogger - Copying 0 resource
2017-12-30 23:26:39,890 [Worker-94] WARN  o.e.m.c.i.embedder.EclipseLogger - Using platform encoding (Cp1252 actually) to copy filtered resources, i.e. build is platform dependent!
2017-12-30 23:26:39,891 [Worker-94] INFO  o.e.m.c.i.embedder.EclipseLogger - Copying 1 resource
2017-12-30 23:26:39,894 [Worker-94] WARN  o.e.m.c.i.embedder.EclipseLogger - Using platform encoding (Cp1252 actually) to copy filtered resources, i.e. build is platform dependent!
2017-12-30 23:26:39,895 [Worker-94] INFO  o.e.m.c.i.embedder.EclipseLogger - Copying 0 resource
2017-12-30 23:26:47,921 [Worker-95] WARN  o.e.m.c.i.embedder.EclipseLogger - Using platform encoding (Cp1252 actually) to copy filtered resources, i.e. build is platform dependent!
2017-12-30 23:26:47,923 [Worker-95] INFO  o.e.m.c.i.embedder.EclipseLogger - Copying 1 resource
2017-12-30 23:26:47,924 [Worker-95] WARN  o.e.m.c.i.embedder.EclipseLogger - Using platform encoding (Cp1252 actually) to copy filtered resources, i.e. build is platform dependent!
2017-12-30 23:26:47,925 [Worker-95] INFO  o.e.m.c.i.embedder.EclipseLogger - Copying 0 resource
2017-12-30 23:27:56,422 [Worker-95] WARN  o.e.m.c.i.embedder.EclipseLogger - Using platform encoding (Cp1252 actually) to copy filtered resources, i.e. build is platform dependent!
2017-12-30 23:27:56,423 [Worker-95] INFO  o.e.m.c.i.embedder.EclipseLogger - Copying 1 resource
2017-12-30 23:27:56,425 [Worker-95] WARN  o.e.m.c.i.embedder.EclipseLogger - Using platform encoding (Cp1252 actually) to copy filtered resources, i.e. build is platform dependent!
2017-12-30 23:27:56,426 [Worker-95] INFO  o.e.m.c.i.embedder.EclipseLogger - Copying 0 resource
2017-12-30 23:29:10,617 [Worker-92] WARN  o.e.m.c.i.embedder.EclipseLogger - Using platform encoding (Cp1252 actually) to copy filtered resources, i.e. build is platform dependent!
2017-12-30 23:29:10,619 [Worker-92] INFO  o.e.m.c.i.embedder.EclipseLogger - Copying 1 resource
2017-12-30 23:29:10,626 [Worker-92] WARN  o.e.m.c.i.embedder.EclipseLogger - Using platform encoding (Cp1252 actually) to copy filtered resources, i.e. build is platform dependent!
2017-12-30 23:29:10,628 [Worker-92] INFO  o.e.m.c.i.embedder.EclipseLogger - Copying 0 resource
2017-12-30 23:29:24,655 [Worker-96] WARN  o.e.m.c.i.embedder.EclipseLogger - Using platform encoding (Cp1252 actually) to copy filtered resources, i.e. build is platform dependent!
2017-12-30 23:29:24,657 [Worker-96] INFO  o.e.m.c.i.embedder.EclipseLogger - Copying 1 resource
2017-12-30 23:29:24,659 [Worker-96] WARN  o.e.m.c.i.embedder.EclipseLogger - Using platform encoding (Cp1252 actually) to copy filtered resources, i.e. build is platform dependent!
2017-12-30 23:29:24,660 [Worker-96] INFO  o.e.m.c.i.embedder.EclipseLogger - Copying 0 resource
2017-12-30 23:29:31,774 [Worker-94] WARN  o.e.m.c.i.embedder.EclipseLogger - Using platform encoding (Cp1252 actually) to copy filtered resources, i.e. build is platform dependent!
2017-12-30 23:29:31,776 [Worker-94] INFO  o.e.m.c.i.embedder.EclipseLogger - Copying 1 resource
2017-12-30 23:29:31,781 [Worker-94] WARN  o.e.m.c.i.embedder.EclipseLogger - Using platform encoding (Cp1252 actually) to copy filtered resources, i.e. build is platform dependent!
2017-12-30 23:29:31,783 [Worker-94] INFO  o.e.m.c.i.embedder.EclipseLogger - Copying 0 resource
2017-12-30 23:29:52,292 [Worker-93] WARN  o.e.m.c.i.embedder.EclipseLogger - Using platform encoding (Cp1252 actually) to copy filtered resources, i.e. build is platform dependent!
2017-12-30 23:29:52,294 [Worker-93] INFO  o.e.m.c.i.embedder.EclipseLogger - Copying 1 resource
2017-12-30 23:29:52,353 [Worker-93] WARN  o.e.m.c.i.embedder.EclipseLogger - Using platform encoding (Cp1252 actually) to copy filtered resources, i.e. build is platform dependent!
2017-12-30 23:29:52,354 [Worker-93] INFO  o.e.m.c.i.embedder.EclipseLogger - Copying 0 resource
2017-12-30 23:30:37,596 [Worker-95] WARN  o.e.m.c.i.embedder.EclipseLogger - Using platform encoding (Cp1252 actually) to copy filtered resources, i.e. build is platform dependent!
2017-12-30 23:30:37,597 [Worker-95] INFO  o.e.m.c.i.embedder.EclipseLogger - Copying 1 resource
2017-12-30 23:30:37,598 [Worker-95] WARN  o.e.m.c.i.embedder.EclipseLogger - Using platform encoding (Cp1252 actually) to copy filtered resources, i.e. build is platform dependent!
2017-12-30 23:30:37,599 [Worker-95] INFO  o.e.m.c.i.embedder.EclipseLogger - Copying 0 resource
2017-12-30 23:56:29,501 [Worker-102] INFO  o.e.m.c.i.l.LifecycleMappingFactory - Using org.eclipse.m2e.jdt.JarLifecycleMapping lifecycle mapping for MavenProject: org.ikea.test2:maven-constructor-arg:0.0.1-SNAPSHOT @ C:\Users\rapan11\learning\maven-constructor-arg\pom.xml.
2017-12-30 23:56:29,541 [Worker-102] INFO  o.e.m.j.i.AbstractJavaProjectConfigurator - Adding source folder /maven-constructor-arg/src/main/java
2017-12-30 23:56:29,542 [Worker-102] INFO  o.e.m.j.i.AbstractJavaProjectConfigurator - Adding resource folder /maven-constructor-arg/src/main/resources
2017-12-30 23:56:29,542 [Worker-102] INFO  o.e.m.j.i.AbstractJavaProjectConfigurator - Adding source folder /maven-constructor-arg/src/test/java
2017-12-30 23:56:29,542 [Worker-102] INFO  o.e.m.j.i.AbstractJavaProjectConfigurator - Adding resource folder /maven-constructor-arg/src/test/resources
2017-12-30 23:56:29,749 [Worker-102] WARN  o.e.m.c.i.embedder.EclipseLogger - Using platform encoding (Cp1252 actually) to copy filtered resources, i.e. build is platform dependent!
2017-12-30 23:56:29,750 [Worker-102] INFO  o.e.m.c.i.embedder.EclipseLogger - Copying 0 resource
2017-12-30 23:56:29,751 [Worker-102] WARN  o.e.m.c.i.embedder.EclipseLogger - Using platform encoding (Cp1252 actually) to copy filtered resources, i.e. build is platform dependent!
2017-12-30 23:56:29,752 [Worker-102] INFO  o.e.m.c.i.embedder.EclipseLogger - Copying 0 resource
2017-12-30 23:57:02,847 [Worker-103] INFO  o.e.m.c.i.l.LifecycleMappingFactory - Using org.eclipse.m2e.jdt.JarLifecycleMapping lifecycle mapping for MavenProject: org.cap.ikea:maven-first-project:0.0.1-SNAPSHOT @ C:\Users\rapan11\learning\maven-constructor-arg\pom.xml.
2017-12-30 23:57:02,927 [Worker-103] WARN  o.e.m.c.i.embedder.EclipseLogger - Using platform encoding (Cp1252 actually) to copy filtered resources, i.e. build is platform dependent!
2017-12-30 23:57:02,927 [Worker-103] INFO  o.e.m.c.i.embedder.EclipseLogger - Copying 0 resource
2017-12-30 23:57:02,929 [Worker-103] WARN  o.e.m.c.i.embedder.EclipseLogger - Using platform encoding (Cp1252 actually) to copy filtered resources, i.e. build is platform dependent!
2017-12-30 23:57:02,929 [Worker-103] INFO  o.e.m.c.i.embedder.EclipseLogger - Copying 0 resource
2017-12-30 23:57:04,071 [Worker-105] WARN  o.e.m.c.i.embedder.EclipseLogger - Using platform encoding (Cp1252 actually) to copy filtered resources, i.e. build is platform dependent!
2017-12-30 23:57:04,072 [Worker-105] INFO  o.e.m.c.i.embedder.EclipseLogger - Copying 0 resource
2017-12-30 23:57:04,073 [Worker-105] WARN  o.e.m.c.i.embedder.EclipseLogger - Using platform encoding (Cp1252 actually) to copy filtered resources, i.e. build is platform dependent!
2017-12-30 23:57:04,073 [Worker-105] INFO  o.e.m.c.i.embedder.EclipseLogger - Copying 0 resource
2017-12-30 23:57:20,539 [Worker-102] WARN  o.e.m.c.i.embedder.EclipseLogger - Using platform encoding (Cp1252 actually) to copy filtered resources, i.e. build is platform dependent!
2017-12-30 23:57:20,540 [Worker-102] INFO  o.e.m.c.i.embedder.EclipseLogger - Copying 1 resource
2017-12-30 23:57:20,543 [Worker-102] WARN  o.e.m.c.i.embedder.EclipseLogger - Using platform encoding (Cp1252 actually) to copy filtered resources, i.e. build is platform dependent!
2017-12-30 23:57:20,544 [Worker-102] INFO  o.e.m.c.i.embedder.EclipseLogger - Copying 0 resource
2017-12-30 23:57:29,863 [Worker-102] WARN  o.e.m.c.i.embedder.EclipseLogger - Using platform encoding (Cp1252 actually) to copy filtered resources, i.e. build is platform dependent!
2017-12-30 23:57:29,866 [Worker-102] INFO  o.e.m.c.i.embedder.EclipseLogger - Copying 1 resource
2017-12-30 23:57:29,867 [Worker-102] WARN  o.e.m.c.i.embedder.EclipseLogger - Using platform encoding (Cp1252 actually) to copy filtered resources, i.e. build is platform dependent!
2017-12-30 23:57:29,868 [Worker-102] INFO  o.e.m.c.i.embedder.EclipseLogger - Copying 0 resource
2017-12-30 23:58:17,139 [Worker-95] WARN  o.e.m.c.i.embedder.EclipseLogger - Using platform encoding (Cp1252 actually) to copy filtered resources, i.e. build is platform dependent!
2017-12-30 23:58:17,141 [Worker-95] INFO  o.e.m.c.i.embedder.EclipseLogger - Copying 1 resource
2017-12-30 23:58:17,143 [Worker-95] WARN  o.e.m.c.i.embedder.EclipseLogger - Using platform encoding (Cp1252 actually) to copy filtered resources, i.e. build is platform dependent!
2017-12-30 23:58:17,145 [Worker-95] INFO  o.e.m.c.i.embedder.EclipseLogger - Copying 0 resource
2017-12-30 23:59:00,092 [Worker-95] WARN  o.e.m.c.i.embedder.EclipseLogger - Using platform encoding (Cp1252 actually) to copy filtered resources, i.e. build is platform dependent!
2017-12-30 23:59:00,094 [Worker-95] INFO  o.e.m.c.i.embedder.EclipseLogger - Copying 1 resource
2017-12-30 23:59:00,100 [Worker-95] WARN  o.e.m.c.i.embedder.EclipseLogger - Using platform encoding (Cp1252 actually) to copy filtered resources, i.e. build is platform dependent!
2017-12-30 23:59:00,102 [Worker-95] INFO  o.e.m.c.i.embedder.EclipseLogger - Copying 0 resource
2017-12-30 23:59:07,231 [Worker-95] WARN  o.e.m.c.i.embedder.EclipseLogger - Using platform encoding (Cp1252 actually) to copy filtered resources, i.e. build is platform dependent!
2017-12-30 23:59:07,232 [Worker-95] INFO  o.e.m.c.i.embedder.EclipseLogger - Copying 0 resource
2017-12-30 23:59:07,233 [Worker-95] WARN  o.e.m.c.i.embedder.EclipseLogger - Using platform encoding (Cp1252 actually) to copy filtered resources, i.e. build is platform dependent!
2017-12-30 23:59:07,234 [Worker-95] INFO  o.e.m.c.i.embedder.EclipseLogger - Copying 0 resource
2017-12-31 00:00:19,972 [Worker-106] WARN  o.e.m.c.i.embedder.EclipseLogger - Using platform encoding (Cp1252 actually) to copy filtered resources, i.e. build is platform dependent!
2017-12-31 00:00:19,974 [Worker-106] INFO  o.e.m.c.i.embedder.EclipseLogger - Copying 1 resource
2017-12-31 00:00:19,981 [Worker-106] WARN  o.e.m.c.i.embedder.EclipseLogger - Using platform encoding (Cp1252 actually) to copy filtered resources, i.e. build is platform dependent!
2017-12-31 00:00:19,983 [Worker-106] INFO  o.e.m.c.i.embedder.EclipseLogger - Copying 0 resource
2017-12-31 00:00:53,474 [Worker-105] WARN  o.e.m.c.i.embedder.EclipseLogger - Using platform encoding (Cp1252 actually) to copy filtered resources, i.e. build is platform dependent!
2017-12-31 00:00:53,475 [Worker-105] INFO  o.e.m.c.i.embedder.EclipseLogger - Copying 1 resource
2017-12-31 00:00:53,477 [Worker-105] WARN  o.e.m.c.i.embedder.EclipseLogger - Using platform encoding (Cp1252 actually) to copy filtered resources, i.e. build is platform dependent!
2017-12-31 00:00:53,477 [Worker-105] INFO  o.e.m.c.i.embedder.EclipseLogger - Copying 0 resource
2017-12-31 00:01:44,135 [Worker-107] WARN  o.e.m.c.i.embedder.EclipseLogger - Using platform encoding (Cp1252 actually) to copy filtered resources, i.e. build is platform dependent!
2017-12-31 00:01:44,138 [Worker-107] INFO  o.e.m.c.i.embedder.EclipseLogger - Copying 1 resource
2017-12-31 00:01:44,141 [Worker-107] WARN  o.e.m.c.i.embedder.EclipseLogger - Using platform encoding (Cp1252 actually) to copy filtered resources, i.e. build is platform dependent!
2017-12-31 00:01:44,144 [Worker-107] INFO  o.e.m.c.i.embedder.EclipseLogger - Copying 0 resource
2017-12-31 00:02:15,721 [Worker-107] WARN  o.e.m.c.i.embedder.EclipseLogger - Using platform encoding (Cp1252 actually) to copy filtered resources, i.e. build is platform dependent!
2017-12-31 00:02:15,723 [Worker-107] INFO  o.e.m.c.i.embedder.EclipseLogger - Copying 1 resource
2017-12-31 00:02:15,725 [Worker-107] WARN  o.e.m.c.i.embedder.EclipseLogger - Using platform encoding (Cp1252 actually) to copy filtered resources, i.e. build is platform dependent!
2017-12-31 00:02:15,726 [Worker-107] INFO  o.e.m.c.i.embedder.EclipseLogger - Copying 0 resource
2017-12-31 00:02:39,029 [Worker-106] WARN  o.e.m.c.i.embedder.EclipseLogger - Using platform encoding (Cp1252 actually) to copy filtered resources, i.e. build is platform dependent!
2017-12-31 00:02:39,031 [Worker-106] INFO  o.e.m.c.i.embedder.EclipseLogger - Copying 1 resource
2017-12-31 00:02:39,036 [Worker-106] WARN  o.e.m.c.i.embedder.EclipseLogger - Using platform encoding (Cp1252 actually) to copy filtered resources, i.e. build is platform dependent!
2017-12-31 00:02:39,038 [Worker-106] INFO  o.e.m.c.i.embedder.EclipseLogger - Copying 0 resource
2017-12-31 00:03:25,613 [Worker-103] WARN  o.e.m.c.i.embedder.EclipseLogger - Using platform encoding (Cp1252 actually) to copy filtered resources, i.e. build is platform dependent!
2017-12-31 00:03:25,615 [Worker-103] INFO  o.e.m.c.i.embedder.EclipseLogger - Copying 1 resource
2017-12-31 00:03:25,621 [Worker-103] WARN  o.e.m.c.i.embedder.EclipseLogger - Using platform encoding (Cp1252 actually) to copy filtered resources, i.e. build is platform dependent!
2017-12-31 00:03:25,623 [Worker-103] INFO  o.e.m.c.i.embedder.EclipseLogger - Copying 0 resource
2017-12-31 00:04:05,343 [Worker-106] WARN  o.e.m.c.i.embedder.EclipseLogger - Using platform encoding (Cp1252 actually) to copy filtered resources, i.e. build is platform dependent!
2017-12-31 00:04:05,345 [Worker-106] INFO  o.e.m.c.i.embedder.EclipseLogger - Copying 1 resource
2017-12-31 00:04:05,352 [Worker-106] WARN  o.e.m.c.i.embedder.EclipseLogger - Using platform encoding (Cp1252 actually) to copy filtered resources, i.e. build is platform dependent!
2017-12-31 00:04:05,355 [Worker-106] INFO  o.e.m.c.i.embedder.EclipseLogger - Copying 0 resource
2017-12-31 00:04:52,110 [Worker-104] WARN  o.e.m.c.i.embedder.EclipseLogger - Using platform encoding (Cp1252 actually) to copy filtered resources, i.e. build is platform dependent!
2017-12-31 00:04:52,112 [Worker-104] INFO  o.e.m.c.i.embedder.EclipseLogger - Copying 1 resource
2017-12-31 00:04:52,114 [Worker-104] WARN  o.e.m.c.i.embedder.EclipseLogger - Using platform encoding (Cp1252 actually) to copy filtered resources, i.e. build is platform dependent!
2017-12-31 00:04:52,115 [Worker-104] INFO  o.e.m.c.i.embedder.EclipseLogger - Copying 0 resource
2017-12-31 00:05:02,087 [Worker-103] WARN  o.e.m.c.i.embedder.EclipseLogger - Using platform encoding (Cp1252 actually) to copy filtered resources, i.e. build is platform dependent!
2017-12-31 00:05:02,089 [Worker-103] INFO  o.e.m.c.i.embedder.EclipseLogger - Copying 1 resource
2017-12-31 00:05:02,095 [Worker-103] WARN  o.e.m.c.i.embedder.EclipseLogger - Using platform encoding (Cp1252 actually) to copy filtered resources, i.e. build is platform dependent!
2017-12-31 00:05:02,097 [Worker-103] INFO  o.e.m.c.i.embedder.EclipseLogger - Copying 0 resource
2017-12-31 00:30:36,706 [Worker-117] INFO  o.e.m.c.i.l.LifecycleMappingFactory - Using org.eclipse.m2e.jdt.JarLifecycleMapping lifecycle mapping for MavenProject: org.ikea.test3:maven-DI-Secondary-Datatype:0.0.1-SNAPSHOT @ C:\Users\rapan11\learning\maven-DI-Secondary-Datatype\pom.xml.
2017-12-31 00:30:36,770 [Worker-117] INFO  o.e.m.j.i.AbstractJavaProjectConfigurator - Adding source folder /maven-DI-Secondary-Datatype/src/main/java
2017-12-31 00:30:36,770 [Worker-117] INFO  o.e.m.j.i.AbstractJavaProjectConfigurator - Adding resource folder /maven-DI-Secondary-Datatype/src/main/resources
2017-12-31 00:30:36,770 [Worker-117] INFO  o.e.m.j.i.AbstractJavaProjectConfigurator - Adding source folder /maven-DI-Secondary-Datatype/src/test/java
2017-12-31 00:30:36,771 [Worker-117] INFO  o.e.m.j.i.AbstractJavaProjectConfigurator - Adding resource folder /maven-DI-Secondary-Datatype/src/test/resources
2017-12-31 00:30:36,980 [Worker-119] WARN  o.e.m.c.i.embedder.EclipseLogger - Using platform encoding (Cp1252 actually) to copy filtered resources, i.e. build is platform dependent!
2017-12-31 00:30:36,981 [Worker-119] INFO  o.e.m.c.i.embedder.EclipseLogger - Copying 0 resource
2017-12-31 00:30:36,982 [Worker-119] WARN  o.e.m.c.i.embedder.EclipseLogger - Using platform encoding (Cp1252 actually) to copy filtered resources, i.e. build is platform dependent!
2017-12-31 00:30:36,984 [Worker-119] INFO  o.e.m.c.i.embedder.EclipseLogger - Copying 0 resource
2017-12-31 00:31:07,390 [Worker-119] INFO  o.e.m.c.i.l.LifecycleMappingFactory - Using org.eclipse.m2e.jdt.JarLifecycleMapping lifecycle mapping for MavenProject: org.cap.ikea:maven-first-project:0.0.1-SNAPSHOT @ C:\Users\rapan11\learning\maven-DI-Secondary-Datatype\pom.xml.
2017-12-31 00:31:07,446 [Worker-119] WARN  o.e.m.c.i.embedder.EclipseLogger - Using platform encoding (Cp1252 actually) to copy filtered resources, i.e. build is platform dependent!
2017-12-31 00:31:07,447 [Worker-119] INFO  o.e.m.c.i.embedder.EclipseLogger - Copying 0 resource
2017-12-31 00:31:07,449 [Worker-119] WARN  o.e.m.c.i.embedder.EclipseLogger - Using platform encoding (Cp1252 actually) to copy filtered resources, i.e. build is platform dependent!
2017-12-31 00:31:07,450 [Worker-119] INFO  o.e.m.c.i.embedder.EclipseLogger - Copying 0 resource
2017-12-31 00:31:08,620 [Worker-114] WARN  o.e.m.c.i.embedder.EclipseLogger - Using platform encoding (Cp1252 actually) to copy filtered resources, i.e. build is platform dependent!
2017-12-31 00:31:08,622 [Worker-114] INFO  o.e.m.c.i.embedder.EclipseLogger - Copying 0 resource
2017-12-31 00:31:08,623 [Worker-114] WARN  o.e.m.c.i.embedder.EclipseLogger - Using platform encoding (Cp1252 actually) to copy filtered resources, i.e. build is platform dependent!
2017-12-31 00:31:08,625 [Worker-114] INFO  o.e.m.c.i.embedder.EclipseLogger - Copying 0 resource
2017-12-31 00:31:30,558 [Worker-121] WARN  o.e.m.c.i.embedder.EclipseLogger - Using platform encoding (Cp1252 actually) to copy filtered resources, i.e. build is platform dependent!
2017-12-31 00:31:30,559 [Worker-121] INFO  o.e.m.c.i.embedder.EclipseLogger - Copying 1 resource
2017-12-31 00:31:30,561 [Worker-121] WARN  o.e.m.c.i.embedder.EclipseLogger - Using platform encoding (Cp1252 actually) to copy filtered resources, i.e. build is platform dependent!
2017-12-31 00:31:30,563 [Worker-121] INFO  o.e.m.c.i.embedder.EclipseLogger - Copying 0 resource
2017-12-31 00:31:43,267 [Worker-117] WARN  o.e.m.c.i.embedder.EclipseLogger - Using platform encoding (Cp1252 actually) to copy filtered resources, i.e. build is platform dependent!
2017-12-31 00:31:43,268 [Worker-117] INFO  o.e.m.c.i.embedder.EclipseLogger - Copying 1 resource
2017-12-31 00:31:43,270 [Worker-117] WARN  o.e.m.c.i.embedder.EclipseLogger - Using platform encoding (Cp1252 actually) to copy filtered resources, i.e. build is platform dependent!
2017-12-31 00:31:43,271 [Worker-117] INFO  o.e.m.c.i.embedder.EclipseLogger - Copying 0 resource
2017-12-31 00:32:03,470 [Worker-120] WARN  o.e.m.c.i.embedder.EclipseLogger - Using platform encoding (Cp1252 actually) to copy filtered resources, i.e. build is platform dependent!
2017-12-31 00:32:03,473 [Worker-120] INFO  o.e.m.c.i.embedder.EclipseLogger - Copying 1 resource
2017-12-31 00:32:03,478 [Worker-120] WARN  o.e.m.c.i.embedder.EclipseLogger - Using platform encoding (Cp1252 actually) to copy filtered resources, i.e. build is platform dependent!
2017-12-31 00:32:03,479 [Worker-120] INFO  o.e.m.c.i.embedder.EclipseLogger - Copying 0 resource
2017-12-31 00:32:12,881 [Worker-119] WARN  o.e.m.c.i.embedder.EclipseLogger - Using platform encoding (Cp1252 actually) to copy filtered resources, i.e. build is platform dependent!
2017-12-31 00:32:12,883 [Worker-119] INFO  o.e.m.c.i.embedder.EclipseLogger - Copying 1 resource
2017-12-31 00:32:12,884 [Worker-119] WARN  o.e.m.c.i.embedder.EclipseLogger - Using platform encoding (Cp1252 actually) to copy filtered resources, i.e. build is platform dependent!
2017-12-31 00:32:12,885 [Worker-119] INFO  o.e.m.c.i.embedder.EclipseLogger - Copying 0 resource
2017-12-31 00:32:23,730 [Worker-119] WARN  o.e.m.c.i.embedder.EclipseLogger - Using platform encoding (Cp1252 actually) to copy filtered resources, i.e. build is platform dependent!
2017-12-31 00:32:23,735 [Worker-119] INFO  o.e.m.c.i.embedder.EclipseLogger - Copying 1 resource
2017-12-31 00:32:23,736 [Worker-119] WARN  o.e.m.c.i.embedder.EclipseLogger - Using platform encoding (Cp1252 actually) to copy filtered resources, i.e. build is platform dependent!
2017-12-31 00:32:23,737 [Worker-119] INFO  o.e.m.c.i.embedder.EclipseLogger - Copying 0 resource
2017-12-31 00:33:10,161 [Worker-114] WARN  o.e.m.c.i.embedder.EclipseLogger - Using platform encoding (Cp1252 actually) to copy filtered resources, i.e. build is platform dependent!
2017-12-31 00:33:10,163 [Worker-114] INFO  o.e.m.c.i.embedder.EclipseLogger - Copying 1 resource
2017-12-31 00:33:10,164 [Worker-114] WARN  o.e.m.c.i.embedder.EclipseLogger - Using platform encoding (Cp1252 actually) to copy filtered resources, i.e. build is platform dependent!
2017-12-31 00:33:10,166 [Worker-114] INFO  o.e.m.c.i.embedder.EclipseLogger - Copying 0 resource
2017-12-31 00:33:21,827 [Worker-120] WARN  o.e.m.c.i.embedder.EclipseLogger - Using platform encoding (Cp1252 actually) to copy filtered resources, i.e. build is platform dependent!
2017-12-31 00:33:21,828 [Worker-120] INFO  o.e.m.c.i.embedder.EclipseLogger - Copying 1 resource
2017-12-31 00:33:21,829 [Worker-120] WARN  o.e.m.c.i.embedder.EclipseLogger - Using platform encoding (Cp1252 actually) to copy filtered resources, i.e. build is platform dependent!
2017-12-31 00:33:21,830 [Worker-120] INFO  o.e.m.c.i.embedder.EclipseLogger - Copying 0 resource
2017-12-31 00:34:00,151 [Worker-117] WARN  o.e.m.c.i.embedder.EclipseLogger - Using platform encoding (Cp1252 actually) to copy filtered resources, i.e. build is platform dependent!
2017-12-31 00:34:00,152 [Worker-117] INFO  o.e.m.c.i.embedder.EclipseLogger - Copying 1 resource
2017-12-31 00:34:00,154 [Worker-117] WARN  o.e.m.c.i.embedder.EclipseLogger - Using platform encoding (Cp1252 actually) to copy filtered resources, i.e. build is platform dependent!
2017-12-31 00:34:00,155 [Worker-117] INFO  o.e.m.c.i.embedder.EclipseLogger - Copying 0 resource
2017-12-31 00:34:38,770 [Worker-121] WARN  o.e.m.c.i.embedder.EclipseLogger - Using platform encoding (Cp1252 actually) to copy filtered resources, i.e. build is platform dependent!
2017-12-31 00:34:38,773 [Worker-121] INFO  o.e.m.c.i.embedder.EclipseLogger - Copying 1 resource
2017-12-31 00:34:38,775 [Worker-121] WARN  o.e.m.c.i.embedder.EclipseLogger - Using platform encoding (Cp1252 actually) to copy filtered resources, i.e. build is platform dependent!
2017-12-31 00:34:38,776 [Worker-121] INFO  o.e.m.c.i.embedder.EclipseLogger - Copying 0 resource
2017-12-31 00:35:48,771 [Worker-121] WARN  o.e.m.c.i.embedder.EclipseLogger - Using platform encoding (Cp1252 actually) to copy filtered resources, i.e. build is platform dependent!
2017-12-31 00:35:48,773 [Worker-121] INFO  o.e.m.c.i.embedder.EclipseLogger - Copying 1 resource
2017-12-31 00:35:48,775 [Worker-121] WARN  o.e.m.c.i.embedder.EclipseLogger - Using platform encoding (Cp1252 actually) to copy filtered resources, i.e. build is platform dependent!
2017-12-31 00:35:48,777 [Worker-121] INFO  o.e.m.c.i.embedder.EclipseLogger - Copying 0 resource
2017-12-31 00:37:02,429 [Worker-120] WARN  o.e.m.c.i.embedder.EclipseLogger - Using platform encoding (Cp1252 actually) to copy filtered resources, i.e. build is platform dependent!
2017-12-31 00:37:02,431 [Worker-120] INFO  o.e.m.c.i.embedder.EclipseLogger - Copying 1 resource
2017-12-31 00:37:02,437 [Worker-120] WARN  o.e.m.c.i.embedder.EclipseLogger - Using platform encoding (Cp1252 actually) to copy filtered resources, i.e. build is platform dependent!
2017-12-31 00:37:02,439 [Worker-120] INFO  o.e.m.c.i.embedder.EclipseLogger - Copying 0 resource
2017-12-31 00:37:37,397 [Worker-122] WARN  o.e.m.c.i.embedder.EclipseLogger - Using platform encoding (Cp1252 actually) to copy filtered resources, i.e. build is platform dependent!
2017-12-31 00:37:37,399 [Worker-122] INFO  o.e.m.c.i.embedder.EclipseLogger - Copying 1 resource
2017-12-31 00:37:37,404 [Worker-122] WARN  o.e.m.c.i.embedder.EclipseLogger - Using platform encoding (Cp1252 actually) to copy filtered resources, i.e. build is platform dependent!
2017-12-31 00:37:37,405 [Worker-122] INFO  o.e.m.c.i.embedder.EclipseLogger - Copying 0 resource
2017-12-31 00:37:42,295 [Worker-114] WARN  o.e.m.c.i.embedder.EclipseLogger - Using platform encoding (Cp1252 actually) to copy filtered resources, i.e. build is platform dependent!
2017-12-31 00:37:42,297 [Worker-114] INFO  o.e.m.c.i.embedder.EclipseLogger - Copying 1 resource
2017-12-31 00:37:42,302 [Worker-114] WARN  o.e.m.c.i.embedder.EclipseLogger - Using platform encoding (Cp1252 actually) to copy filtered resources, i.e. build is platform dependent!
2017-12-31 00:37:42,304 [Worker-114] INFO  o.e.m.c.i.embedder.EclipseLogger - Copying 0 resource
2017-12-31 00:38:10,128 [Worker-119] WARN  o.e.m.c.i.embedder.EclipseLogger - Using platform encoding (Cp1252 actually) to copy filtered resources, i.e. build is platform dependent!
2017-12-31 00:38:10,128 [Worker-119] INFO  o.e.m.c.i.embedder.EclipseLogger - Copying 1 resource
2017-12-31 00:38:10,130 [Worker-119] WARN  o.e.m.c.i.embedder.EclipseLogger - Using platform encoding (Cp1252 actually) to copy filtered resources, i.e. build is platform dependent!
2017-12-31 00:38:10,131 [Worker-119] INFO  o.e.m.c.i.embedder.EclipseLogger - Copying 0 resource
2017-12-31 00:39:11,254 [Worker-120] WARN  o.e.m.c.i.embedder.EclipseLogger - Using platform encoding (Cp1252 actually) to copy filtered resources, i.e. build is platform dependent!
2017-12-31 00:39:11,257 [Worker-120] INFO  o.e.m.c.i.embedder.EclipseLogger - Copying 1 resource
2017-12-31 00:39:11,260 [Worker-120] WARN  o.e.m.c.i.embedder.EclipseLogger - Using platform encoding (Cp1252 actually) to copy filtered resources, i.e. build is platform dependent!
2017-12-31 00:39:11,262 [Worker-120] INFO  o.e.m.c.i.embedder.EclipseLogger - Copying 0 resource
2018-01-02 16:20:05,825 [Worker-3] INFO  c.g.t.t.d.PublishedGradleVersions - Gradle version information cache is out-of-date. Trying to update.
2018-01-02 16:20:12,473 [Worker-0] WARN  o.e.m.c.i.embedder.EclipseLogger - Using platform encoding (Cp1252 actually) to copy filtered resources, i.e. build is platform dependent!
2018-01-02 16:20:12,550 [Worker-0] INFO  o.e.m.c.i.embedder.EclipseLogger - Copying 1 resource
2018-01-02 16:20:12,568 [Worker-0] WARN  o.e.m.c.i.embedder.EclipseLogger - Using platform encoding (Cp1252 actually) to copy filtered resources, i.e. build is platform dependent!
2018-01-02 16:20:12,574 [Worker-0] INFO  o.e.m.c.i.embedder.EclipseLogger - Copying 0 resource
